<?xml version="1.0" encoding="UTF-8"?>
<testng-results skipped="3" failed="0" ignored="0" total="8" passed="5">
  <reporter-output>
  </reporter-output>
  <suite name="Default suite" duration-ms="571590" started-at="2017-05-27T07:30:04Z" finished-at="2017-05-27T07:39:36Z">
    <groups>
    </groups>
    <test name="Default test" duration-ms="571590" started-at="2017-05-27T07:30:04Z" finished-at="2017-05-27T07:39:36Z">
      <class name="com.Info.MainTest.TestRunner">
        <test-method status="PASS" signature="Reportsetup()[pri:0, instance:com.Info.MainTest.TestRunner@1cec361]" name="Reportsetup" is-config="true" duration-ms="6090" started-at="2017-05-27T12:59:58Z" finished-at="2017-05-27T13:00:04Z">
          <reporter-output>
          </reporter-output>
        </test-method> <!-- Reportsetup -->
        <test-method status="PASS" signature="setUp()[pri:0, instance:com.Info.MainTest.TestRunner@1cec361]" name="setUp" is-config="true" duration-ms="57793" started-at="2017-05-27T13:00:04Z" finished-at="2017-05-27T13:01:02Z">
          <reporter-output>
          </reporter-output>
        </test-method> <!-- setUp -->
        <test-method status="PASS" signature="LaunchApplichation()[pri:1, instance:com.Info.MainTest.TestRunner@1cec361]" name="LaunchApplichation" duration-ms="104922" started-at="2017-05-27T13:01:02Z" finished-at="2017-05-27T13:02:47Z">
          <reporter-output>
          </reporter-output>
        </test-method> <!-- LaunchApplichation -->
        <test-method status="PASS" signature="printReport(org.testng.ITestResult)[pri:0, instance:com.Info.MainTest.TestRunner@1cec361]" name="printReport" is-config="true" duration-ms="19908" started-at="2017-05-27T13:02:47Z" finished-at="2017-05-27T13:03:07Z">
          <params>
            <param index="0">
              <value>
                <![CDATA[[TestResult name=LaunchApplichation status=SUCCESS method=TestRunner.LaunchApplichation()[pri:1, instance:com.Info.MainTest.TestRunner@1cec361] output={null}]]]>
              </value>
            </param>
          </params>
          <reporter-output>
          </reporter-output>
        </test-method> <!-- printReport -->
        <test-method status="PASS" signature="To_Verify_EMI_CalculatorPage()[pri:2, instance:com.Info.MainTest.TestRunner@1cec361]" name="To_Verify_EMI_CalculatorPage" duration-ms="228856" started-at="2017-05-27T13:03:07Z" finished-at="2017-05-27T13:06:56Z">
          <reporter-output>
          </reporter-output>
        </test-method> <!-- To_Verify_EMI_CalculatorPage -->
        <test-method status="PASS" signature="printReport(org.testng.ITestResult)[pri:0, instance:com.Info.MainTest.TestRunner@1cec361]" name="printReport" is-config="true" duration-ms="3958" started-at="2017-05-27T13:06:56Z" finished-at="2017-05-27T13:07:00Z">
          <params>
            <param index="0">
              <value>
                <![CDATA[[TestResult name=To_Verify_EMI_CalculatorPage status=SUCCESS method=TestRunner.To_Verify_EMI_CalculatorPage()[pri:2, instance:com.Info.MainTest.TestRunner@1cec361] output={null}]]]>
              </value>
            </param>
          </params>
          <reporter-output>
          </reporter-output>
        </test-method> <!-- printReport -->
        <test-method status="PASS" signature="toValidate_EnquiryForm(java.lang.String, java.lang.String, java.lang.String, java.lang.String, java.lang.String)[pri:3, instance:com.Info.MainTest.TestRunner@1cec361]" name="toValidate_EnquiryForm" duration-ms="83042" started-at="2017-05-27T13:07:07Z" data-provider="EnquiryForm_Data" finished-at="2017-05-27T13:08:30Z">
          <params>
            <param index="0">
              <value>
                <![CDATA[Pravin]]>
              </value>
            </param>
            <param index="1">
              <value>
                <![CDATA[pravin@gmail.com]]>
              </value>
            </param>
            <param index="2">
              <value>
                <![CDATA[Looking for 2 BHK at Aundh]]>
              </value>
            </param>
            <param index="3">
              <value>
                <![CDATA[9898526987]]>
              </value>
            </param>
            <param index="4">
              <value>
                <![CDATA[Y]]>
              </value>
            </param>
          </params>
          <reporter-output>
          </reporter-output>
        </test-method> <!-- toValidate_EnquiryForm -->
        <test-method status="PASS" signature="printReport(org.testng.ITestResult)[pri:0, instance:com.Info.MainTest.TestRunner@1cec361]" name="printReport" is-config="true" duration-ms="2616" started-at="2017-05-27T13:08:30Z" finished-at="2017-05-27T13:08:32Z">
          <params>
            <param index="0">
              <value>
                <![CDATA[[TestResult name=toValidate_EnquiryForm status=SUCCESS method=TestRunner.toValidate_EnquiryForm(java.lang.String, java.lang.String, java.lang.String, java.lang.String, java.lang.String)[pri:3, instance:com.Info.MainTest.TestRunner@1cec361] output={null}]]]>
              </value>
            </param>
          </params>
          <reporter-output>
          </reporter-output>
        </test-method> <!-- printReport -->
        <test-method status="SKIP" signature="toValidateHomeLoagPage(java.lang.String, java.lang.String, java.lang.String, java.lang.String, java.lang.String, java.lang.String, java.lang.String)[pri:4, instance:com.Info.MainTest.TestRunner@1cec361]" name="toValidateHomeLoagPage" duration-ms="15" started-at="2017-05-27T13:08:34Z" data-provider="HomeLoanData" finished-at="2017-05-27T13:08:34Z">
          <params>
            <param index="0">
              <value>
                <![CDATA[Above 50-Lakh]]>
              </value>
            </param>
            <param index="1">
              <value>
                <![CDATA[Pravin]]>
              </value>
            </param>
            <param index="2">
              <value>
                <![CDATA[pravinsole@gmail.com]]>
              </value>
            </param>
            <param index="3">
              <value>
                <![CDATA[9636524578]]>
              </value>
            </param>
            <param index="4">
              <value>
                <![CDATA[National]]>
              </value>
            </param>
            <param index="5">
              <value>
                <![CDATA[HDFCÂ Bank]]>
              </value>
            </param>
            <param index="6">
              <value>
                <![CDATA[N]]>
              </value>
            </param>
          </params>
          <exception class="org.testng.SkipException">
            <message>
              <![CDATA[Test Case Skip]]>
            </message>
            <full-stacktrace>
              <![CDATA[org.testng.SkipException: Test Case Skip
	at com.Info.MainTest.TestRunner.toValidateHomeLoagPage(TestRunner.java:195)
	at sun.reflect.NativeMethodAccessorImpl.invoke0(Native Method)
	at sun.reflect.NativeMethodAccessorImpl.invoke(NativeMethodAccessorImpl.java:62)
	at sun.reflect.DelegatingMethodAccessorImpl.invoke(DelegatingMethodAccessorImpl.java:43)
	at java.lang.reflect.Method.invoke(Method.java:498)
	at org.testng.internal.MethodInvocationHelper.invokeMethod(MethodInvocationHelper.java:108)
	at org.testng.internal.Invoker.invokeMethod(Invoker.java:661)
	at org.testng.internal.Invoker.invokeTestMethod(Invoker.java:869)
	at org.testng.internal.Invoker.invokeTestMethods(Invoker.java:1193)
	at org.testng.internal.TestMethodWorker.invokeTestMethods(TestMethodWorker.java:126)
	at org.testng.internal.TestMethodWorker.run(TestMethodWorker.java:109)
	at org.testng.TestRunner.privateRun(TestRunner.java:744)
	at org.testng.TestRunner.run(TestRunner.java:602)
	at org.testng.SuiteRunner.runTest(SuiteRunner.java:380)
	at org.testng.SuiteRunner.runSequentially(SuiteRunner.java:375)
	at org.testng.SuiteRunner.privateRun(SuiteRunner.java:340)
	at org.testng.SuiteRunner.run(SuiteRunner.java:289)
	at org.testng.SuiteRunnerWorker.runSuite(SuiteRunnerWorker.java:52)
	at org.testng.SuiteRunnerWorker.run(SuiteRunnerWorker.java:86)
	at org.testng.TestNG.runSuitesSequentially(TestNG.java:1301)
	at org.testng.TestNG.runSuitesLocally(TestNG.java:1226)
	at org.testng.TestNG.runSuites(TestNG.java:1144)
	at org.testng.TestNG.run(TestNG.java:1115)
	at org.testng.remote.AbstractRemoteTestNG.run(AbstractRemoteTestNG.java:132)
	at org.testng.remote.RemoteTestNG.initAndRun(RemoteTestNG.java:230)
	at org.testng.remote.RemoteTestNG.main(RemoteTestNG.java:76)
]]>
            </full-stacktrace>
          </exception> <!-- org.testng.SkipException -->
          <reporter-output>
          </reporter-output>
        </test-method> <!-- toValidateHomeLoagPage -->
        <test-method status="PASS" signature="printReport(org.testng.ITestResult)[pri:0, instance:com.Info.MainTest.TestRunner@1cec361]" name="printReport" is-config="true" duration-ms="1576" started-at="2017-05-27T13:08:34Z" finished-at="2017-05-27T13:08:36Z">
          <params>
            <param index="0">
              <value>
                <![CDATA[[TestResult name=toValidateHomeLoagPage status=SKIP method=TestRunner.toValidateHomeLoagPage(java.lang.String, java.lang.String, java.lang.String, java.lang.String, java.lang.String, java.lang.String, java.lang.String)[pri:4, instance:com.Info.MainTest.TestRunner@1cec361] output={null}]]]>
              </value>
            </param>
          </params>
          <reporter-output>
          </reporter-output>
        </test-method> <!-- printReport -->
        <test-method status="SKIP" signature="To_handle_Agent_Search(java.lang.String, java.lang.String, java.lang.String, java.lang.String, java.lang.String, java.lang.String, java.lang.String, java.lang.String)[pri:5, instance:com.Info.MainTest.TestRunner@1cec361]" name="To_handle_Agent_Search" duration-ms="6" started-at="2017-05-27T13:08:37Z" data-provider="AgentSearchData" finished-at="2017-05-27T13:08:37Z">
          <params>
            <param index="0">
              <value>
                <![CDATA[based-in]]>
              </value>
            </param>
            <param index="1">
              <value>
                <![CDATA[Pune]]>
              </value>
            </param>
            <param index="2">
              <value>
                <![CDATA[Pune]]>
              </value>
            </param>
            <param index="3">
              <value>
                <![CDATA[Original Booking]]>
              </value>
            </param>
            <param index="4">
              <value>
                <![CDATA[Residential House]]>
              </value>
            </param>
            <param index="5">
              <value>
                <![CDATA[Global royalty]]>
              </value>
            </param>
            <param index="6">
              <value>
                <![CDATA[101]]>
              </value>
            </param>
            <param index="7">
              <value>
                <![CDATA[N]]>
              </value>
            </param>
          </params>
          <exception class="org.testng.SkipException">
            <message>
              <![CDATA[Test Case Skip]]>
            </message>
            <full-stacktrace>
              <![CDATA[org.testng.SkipException: Test Case Skip
	at com.Info.MainTest.TestRunner.To_handle_Agent_Search(TestRunner.java:221)
	at sun.reflect.NativeMethodAccessorImpl.invoke0(Native Method)
	at sun.reflect.NativeMethodAccessorImpl.invoke(NativeMethodAccessorImpl.java:62)
	at sun.reflect.DelegatingMethodAccessorImpl.invoke(DelegatingMethodAccessorImpl.java:43)
	at java.lang.reflect.Method.invoke(Method.java:498)
	at org.testng.internal.MethodInvocationHelper.invokeMethod(MethodInvocationHelper.java:108)
	at org.testng.internal.Invoker.invokeMethod(Invoker.java:661)
	at org.testng.internal.Invoker.invokeTestMethod(Invoker.java:869)
	at org.testng.internal.Invoker.invokeTestMethods(Invoker.java:1193)
	at org.testng.internal.TestMethodWorker.invokeTestMethods(TestMethodWorker.java:126)
	at org.testng.internal.TestMethodWorker.run(TestMethodWorker.java:109)
	at org.testng.TestRunner.privateRun(TestRunner.java:744)
	at org.testng.TestRunner.run(TestRunner.java:602)
	at org.testng.SuiteRunner.runTest(SuiteRunner.java:380)
	at org.testng.SuiteRunner.runSequentially(SuiteRunner.java:375)
	at org.testng.SuiteRunner.privateRun(SuiteRunner.java:340)
	at org.testng.SuiteRunner.run(SuiteRunner.java:289)
	at org.testng.SuiteRunnerWorker.runSuite(SuiteRunnerWorker.java:52)
	at org.testng.SuiteRunnerWorker.run(SuiteRunnerWorker.java:86)
	at org.testng.TestNG.runSuitesSequentially(TestNG.java:1301)
	at org.testng.TestNG.runSuitesLocally(TestNG.java:1226)
	at org.testng.TestNG.runSuites(TestNG.java:1144)
	at org.testng.TestNG.run(TestNG.java:1115)
	at org.testng.remote.AbstractRemoteTestNG.run(AbstractRemoteTestNG.java:132)
	at org.testng.remote.RemoteTestNG.initAndRun(RemoteTestNG.java:230)
	at org.testng.remote.RemoteTestNG.main(RemoteTestNG.java:76)
]]>
            </full-stacktrace>
          </exception> <!-- org.testng.SkipException -->
          <reporter-output>
          </reporter-output>
        </test-method> <!-- To_handle_Agent_Search -->
        <test-method status="PASS" signature="printReport(org.testng.ITestResult)[pri:0, instance:com.Info.MainTest.TestRunner@1cec361]" name="printReport" is-config="true" duration-ms="3139" started-at="2017-05-27T13:08:37Z" finished-at="2017-05-27T13:08:40Z">
          <params>
            <param index="0">
              <value>
                <![CDATA[[TestResult name=To_handle_Agent_Search status=SKIP method=TestRunner.To_handle_Agent_Search(java.lang.String, java.lang.String, java.lang.String, java.lang.String, java.lang.String, java.lang.String, java.lang.String, java.lang.String)[pri:5, instance:com.Info.MainTest.TestRunner@1cec361] output={null}]]]>
              </value>
            </param>
          </params>
          <reporter-output>
          </reporter-output>
        </test-method> <!-- printReport -->
        <test-method status="SKIP" signature="To_handle_Agent_Search(java.lang.String, java.lang.String, java.lang.String, java.lang.String, java.lang.String, java.lang.String, java.lang.String, java.lang.String)[pri:5, instance:com.Info.MainTest.TestRunner@1cec361]" name="To_handle_Agent_Search" duration-ms="22" started-at="2017-05-27T13:08:40Z" data-provider="AgentSearchData" finished-at="2017-05-27T13:08:40Z">
          <params>
            <param index="0">
              <value>
                <![CDATA[based-in]]>
              </value>
            </param>
            <param index="1">
              <value>
                <![CDATA[Pune]]>
              </value>
            </param>
            <param index="2">
              <value>
                <![CDATA[Pune]]>
              </value>
            </param>
            <param index="3">
              <value>
                <![CDATA[Original Booking]]>
              </value>
            </param>
            <param index="4">
              <value>
                <![CDATA[Residential House]]>
              </value>
            </param>
            <param index="5">
              <value>
                <![CDATA[Global royalty]]>
              </value>
            </param>
            <param index="6">
              <value>
                <![CDATA[101]]>
              </value>
            </param>
            <param index="7">
              <value>
                <![CDATA[N]]>
              </value>
            </param>
          </params>
          <exception class="org.testng.SkipException">
            <message>
              <![CDATA[Test Case Skip]]>
            </message>
            <full-stacktrace>
              <![CDATA[org.testng.SkipException: Test Case Skip
	at com.Info.MainTest.TestRunner.To_handle_Agent_Search(TestRunner.java:221)
	at sun.reflect.NativeMethodAccessorImpl.invoke0(Native Method)
	at sun.reflect.NativeMethodAccessorImpl.invoke(NativeMethodAccessorImpl.java:62)
	at sun.reflect.DelegatingMethodAccessorImpl.invoke(DelegatingMethodAccessorImpl.java:43)
	at java.lang.reflect.Method.invoke(Method.java:498)
	at org.testng.internal.MethodInvocationHelper.invokeMethod(MethodInvocationHelper.java:108)
	at org.testng.internal.Invoker.invokeMethod(Invoker.java:661)
	at org.testng.internal.Invoker.invokeTestMethod(Invoker.java:869)
	at org.testng.internal.Invoker.invokeTestMethods(Invoker.java:1193)
	at org.testng.internal.TestMethodWorker.invokeTestMethods(TestMethodWorker.java:126)
	at org.testng.internal.TestMethodWorker.run(TestMethodWorker.java:109)
	at org.testng.TestRunner.privateRun(TestRunner.java:744)
	at org.testng.TestRunner.run(TestRunner.java:602)
	at org.testng.SuiteRunner.runTest(SuiteRunner.java:380)
	at org.testng.SuiteRunner.runSequentially(SuiteRunner.java:375)
	at org.testng.SuiteRunner.privateRun(SuiteRunner.java:340)
	at org.testng.SuiteRunner.run(SuiteRunner.java:289)
	at org.testng.SuiteRunnerWorker.runSuite(SuiteRunnerWorker.java:52)
	at org.testng.SuiteRunnerWorker.run(SuiteRunnerWorker.java:86)
	at org.testng.TestNG.runSuitesSequentially(TestNG.java:1301)
	at org.testng.TestNG.runSuitesLocally(TestNG.java:1226)
	at org.testng.TestNG.runSuites(TestNG.java:1144)
	at org.testng.TestNG.run(TestNG.java:1115)
	at org.testng.remote.AbstractRemoteTestNG.run(AbstractRemoteTestNG.java:132)
	at org.testng.remote.RemoteTestNG.initAndRun(RemoteTestNG.java:230)
	at org.testng.remote.RemoteTestNG.main(RemoteTestNG.java:76)
]]>
            </full-stacktrace>
          </exception> <!-- org.testng.SkipException -->
          <reporter-output>
          </reporter-output>
        </test-method> <!-- To_handle_Agent_Search -->
        <test-method status="PASS" signature="printReport(org.testng.ITestResult)[pri:0, instance:com.Info.MainTest.TestRunner@1cec361]" name="printReport" is-config="true" duration-ms="2937" started-at="2017-05-27T13:08:40Z" finished-at="2017-05-27T13:08:43Z">
          <params>
            <param index="0">
              <value>
                <![CDATA[[TestResult name=To_handle_Agent_Search status=SKIP method=TestRunner.To_handle_Agent_Search(java.lang.String, java.lang.String, java.lang.String, java.lang.String, java.lang.String, java.lang.String, java.lang.String, java.lang.String)[pri:5, instance:com.Info.MainTest.TestRunner@1cec361] output={null}]]]>
              </value>
            </param>
          </params>
          <reporter-output>
          </reporter-output>
        </test-method> <!-- printReport -->
        <test-method status="PASS" signature="toValidate_post_Requirment_Page(java.lang.String, java.lang.String, java.lang.String, java.lang.String, java.lang.String, java.lang.String, java.lang.String, java.lang.String, java.lang.String)[pri:5, instance:com.Info.MainTest.TestRunner@1cec361]" name="toValidate_post_Requirment_Page" duration-ms="6" started-at="2017-05-27T13:08:44Z" data-provider="PostRequirmentData" finished-at="2017-05-27T13:08:44Z">
          <params>
            <param index="0">
              <value>
                <![CDATA[Residensial]]>
              </value>
            </param>
            <param index="1">
              <value>
                <![CDATA[Mumbai]]>
              </value>
            </param>
            <param index="2">
              <value>
                <![CDATA[1200]]>
              </value>
            </param>
            <param index="3">
              <value>
                <![CDATA[1400]]>
              </value>
            </param>
            <param index="4">
              <value>
                <![CDATA[Sachin]]>
              </value>
            </param>
            <param index="5">
              <value>
                <![CDATA[pravin@gmail.com]]>
              </value>
            </param>
            <param index="6">
              <value>
                <![CDATA[DDLA@2017]]>
              </value>
            </param>
            <param index="7">
              <value>
                <![CDATA[9857854512]]>
              </value>
            </param>
            <param index="8">
              <value>
                <![CDATA[N]]>
              </value>
            </param>
          </params>
          <reporter-output>
          </reporter-output>
        </test-method> <!-- toValidate_post_Requirment_Page -->
        <test-method status="PASS" signature="printReport(org.testng.ITestResult)[pri:0, instance:com.Info.MainTest.TestRunner@1cec361]" name="printReport" is-config="true" duration-ms="3040" started-at="2017-05-27T13:08:44Z" finished-at="2017-05-27T13:08:47Z">
          <params>
            <param index="0">
              <value>
                <![CDATA[[TestResult name=toValidate_post_Requirment_Page status=SUCCESS method=TestRunner.toValidate_post_Requirment_Page(java.lang.String, java.lang.String, java.lang.String, java.lang.String, java.lang.String, java.lang.String, java.lang.String, java.lang.String, java.lang.String)[pri:5, instance:com.Info.MainTest.TestRunner@1cec361] output={null}]]]>
              </value>
            </param>
          </params>
          <reporter-output>
          </reporter-output>
        </test-method> <!-- printReport -->
        <test-method status="PASS" signature="toValidate_postpropertydetails(java.lang.String, java.lang.String, java.lang.String, java.lang.String, java.lang.String, java.lang.String, java.lang.String, java.lang.String, java.lang.String, java.lang.String, java.lang.String)[pri:6, instance:com.Info.MainTest.TestRunner@1cec361]" name="toValidate_postpropertydetails" duration-ms="41027" started-at="2017-05-27T13:08:49Z" data-provider="PostPropertyData" finished-at="2017-05-27T13:09:30Z">
          <params>
            <param index="0">
              <value>
                <![CDATA[Residential House]]>
              </value>
            </param>
            <param index="1">
              <value>
                <![CDATA[2]]>
              </value>
            </param>
            <param index="2">
              <value>
                <![CDATA[2]]>
              </value>
            </param>
            <param index="3">
              <value>
                <![CDATA[Furnished]]>
              </value>
            </param>
            <param index="4">
              <value>
                <![CDATA[Good property]]>
              </value>
            </param>
            <param index="5">
              <value>
                <![CDATA[pravin]]>
              </value>
            </param>
            <param index="6">
              <value>
                <![CDATA[pravin@gmail.com]]>
              </value>
            </param>
            <param index="7">
              <value>
                <![CDATA[12345]]>
              </value>
            </param>
            <param index="8">
              <value>
                <![CDATA[Pune]]>
              </value>
            </param>
            <param index="9">
              <value>
                <![CDATA[9632584785]]>
              </value>
            </param>
            <param index="10">
              <value>
                <![CDATA[N]]>
              </value>
            </param>
          </params>
          <reporter-output>
          </reporter-output>
        </test-method> <!-- toValidate_postpropertydetails -->
        <test-method status="PASS" signature="printReport(org.testng.ITestResult)[pri:0, instance:com.Info.MainTest.TestRunner@1cec361]" name="printReport" is-config="true" duration-ms="1600" started-at="2017-05-27T13:09:30Z" finished-at="2017-05-27T13:09:32Z">
          <params>
            <param index="0">
              <value>
                <![CDATA[[TestResult name=toValidate_postpropertydetails status=SUCCESS method=TestRunner.toValidate_postpropertydetails(java.lang.String, java.lang.String, java.lang.String, java.lang.String, java.lang.String, java.lang.String, java.lang.String, java.lang.String, java.lang.String, java.lang.String, java.lang.String)[pri:6, instance:com.Info.MainTest.TestRunner@1cec361] output={null}]]]>
              </value>
            </param>
          </params>
          <reporter-output>
          </reporter-output>
        </test-method> <!-- printReport -->
        <test-method status="PASS" signature="cleanUp()[pri:0, instance:com.Info.MainTest.TestRunner@1cec361]" name="cleanUp" is-config="true" duration-ms="1" started-at="2017-05-27T13:09:32Z" finished-at="2017-05-27T13:09:32Z">
          <reporter-output>
          </reporter-output>
        </test-method> <!-- cleanUp -->
        <test-method status="PASS" signature="endTest()[pri:0, instance:com.Info.MainTest.TestRunner@1cec361]" name="endTest" is-config="true" duration-ms="3838" started-at="2017-05-27T13:09:32Z" finished-at="2017-05-27T13:09:36Z">
          <reporter-output>
          </reporter-output>
        </test-method> <!-- endTest -->
      </class> <!-- com.Info.MainTest.TestRunner -->
    </test> <!-- Default test -->
  </suite> <!-- Default suite -->
</testng-results>
